TN:
SF:src/AdminLayout.tsx
FN:6,(anonymous_0)
FNF:1
FNH:1
FNDA:6,(anonymous_0)
DA:6,3
DA:7,6
LF:2
LH:2
BRF:0
BRH:0
end_of_record
TN:
SF:src/Root.tsx
FN:6,(anonymous_0)
FN:7,(anonymous_1)
FN:9,(anonymous_2)
FNF:3
FNH:3
FNDA:5,(anonymous_0)
FNDA:7,(anonymous_1)
FNDA:1,(anonymous_2)
DA:6,2
DA:7,7
DA:9,5
DA:10,1
DA:13,5
LF:5
LH:5
BRF:0
BRH:0
end_of_record
TN:
SF:src/main.tsx
FNF:0
FNH:0
DA:6,1
LF:1
LH:1
BRF:0
BRH:0
end_of_record
TN:
SF:src/api/admin.ts
FN:3,(anonymous_0)
FNF:1
FNH:1
FNDA:2,(anonymous_0)
DA:3,2
LF:1
LH:1
BRF:0
BRH:0
end_of_record
TN:
SF:src/api/auth.ts
FN:4,(anonymous_0)
FNF:1
FNH:1
FNDA:1,(anonymous_0)
DA:4,4
DA:8,1
LF:2
LH:2
BRF:0
BRH:0
end_of_record
TN:
SF:src/api/client.ts
FN:3,(anonymous_0)
FN:6,(anonymous_1)
FN:10,(anonymous_2)
FN:15,(anonymous_3)
FN:28,(anonymous_4)
FNF:5
FNH:4
FNDA:18,(anonymous_0)
FNDA:18,(anonymous_1)
FNDA:18,(anonymous_2)
FNDA:35,(anonymous_3)
FNDA:0,(anonymous_4)
DA:1,13
DA:3,13
DA:4,18
DA:6,13
DA:10,18
DA:11,18
DA:12,18
DA:15,35
DA:17,18
DA:26,15
DA:28,1
DA:30,1
DA:31,1
DA:34,0
DA:38,14
DA:39,14
LF:16
LH:15
BRDA:4,0,0,18
BRDA:4,0,1,0
BRDA:4,0,2,0
BRDA:8,1,0,18
BRDA:12,2,0,3
BRDA:12,2,1,15
BRDA:12,3,0,18
BRDA:12,3,1,3
BRDA:12,3,2,3
BRDA:21,4,0,2
BRDA:21,4,1,16
BRDA:21,5,0,18
BRDA:21,5,1,17
BRDA:22,6,0,18
BRDA:22,6,1,18
BRDA:26,7,0,1
BRDA:26,7,1,14
BRDA:30,8,0,1
BRDA:30,8,1,0
BRDA:30,9,0,1
BRDA:30,9,1,1
BRDA:30,9,2,1
BRDA:31,10,0,1
BRDA:31,10,1,0
BRF:24
BRH:20
end_of_record
TN:
SF:src/api/comments.ts
FN:6,(anonymous_0)
FN:10,(anonymous_1)
FN:20,(anonymous_2)
FN:27,(anonymous_3)
FN:38,(anonymous_4)
FNF:5
FNH:5
FNDA:1,(anonymous_0)
FNDA:4,(anonymous_1)
FNDA:1,(anonymous_2)
FNDA:1,(anonymous_3)
FNDA:1,(anonymous_4)
DA:6,5
DA:10,5
DA:13,4
DA:20,5
DA:27,5
DA:30,1
DA:38,5
LF:7
LH:7
BRDA:12,0,0,4
BRDA:13,1,0,4
BRF:2
BRH:2
end_of_record
TN:
SF:src/api/posts.ts
FN:5,(anonymous_0)
FN:8,(anonymous_1)
FN:10,(anonymous_2)
FN:16,(anonymous_3)
FN:24,(anonymous_4)
FN:29,(anonymous_5)
FN:34,(anonymous_6)
FNF:7
FNH:7
FNDA:1,(anonymous_0)
FNDA:1,(anonymous_1)
FNDA:1,(anonymous_2)
FNDA:1,(anonymous_3)
FNDA:1,(anonymous_4)
FNDA:1,(anonymous_5)
FNDA:1,(anonymous_6)
DA:5,7
DA:8,7
DA:10,7
DA:16,7
DA:18,1
DA:24,7
DA:29,7
DA:34,7
LF:8
LH:8
BRDA:5,0,0,1
BRDA:5,1,0,1
BRF:2
BRH:2
end_of_record
TN:
SF:src/components/AdminGuard.tsx
FN:4,(anonymous_0)
FNF:1
FNH:1
FNDA:6,(anonymous_0)
DA:4,4
DA:5,6
DA:8,6
DA:9,3
DA:12,3
DA:13,2
DA:16,1
LF:7
LH:7
BRDA:8,0,0,3
BRDA:8,0,1,3
BRDA:12,1,0,2
BRDA:12,1,1,1
BRDA:12,2,0,3
BRDA:12,2,1,2
BRF:6
BRH:6
end_of_record
TN:
SF:src/components/EmptyState.tsx
FN:11,EmptyState
FNF:1
FNH:1
FNDA:3,EmptyState
DA:12,3
LF:1
LH:1
BRDA:17,0,0,3
BRDA:17,0,1,1
BRDA:17,0,2,1
BRF:3
BRH:3
end_of_record
TN:
SF:src/components/Header.tsx
FN:4,(anonymous_0)
FNF:1
FNH:1
FNDA:6,(anonymous_0)
DA:4,3
DA:5,6
DA:7,6
LF:3
LH:3
BRF:0
BRH:0
end_of_record
TN:
SF:src/components/MarkdownEditor.tsx
FN:14,(anonymous_0)
FN:25,(anonymous_1)
FN:38,(anonymous_2)
FN:70,(anonymous_3)
FNF:4
FNH:4
FNDA:18,(anonymous_0)
FNDA:4,(anonymous_1)
FNDA:2,(anonymous_2)
FNDA:1,(anonymous_3)
DA:14,6
DA:22,18
DA:23,18
DA:25,18
DA:26,4
DA:27,4
DA:30,18
DA:38,2
DA:70,1
LF:9
LH:9
BRDA:17,0,0,18
BRDA:18,1,0,18
BRDA:48,2,0,4
BRDA:48,2,1,14
BRDA:61,3,0,18
BRDA:61,3,1,2
BRF:6
BRH:6
end_of_record
TN:
SF:src/components/Sidebar.tsx
FN:4,(anonymous_0)
FNF:1
FNH:1
FNDA:8,(anonymous_0)
DA:4,4
DA:5,8
LF:2
LH:2
BRF:0
BRH:0
end_of_record
TN:
SF:src/pages/CreatePost.tsx
FN:7,(anonymous_0)
FN:13,(anonymous_1)
FN:38,(anonymous_2)
FNF:3
FNH:3
FNDA:7,(anonymous_0)
FNDA:2,(anonymous_1)
FNDA:1,(anonymous_2)
DA:7,4
DA:8,7
DA:10,7
DA:11,7
DA:13,7
DA:14,2
DA:15,2
DA:17,2
DA:18,2
DA:19,1
DA:21,1
DA:23,2
DA:27,7
DA:38,1
LF:14
LH:14
BRF:0
BRH:0
end_of_record
TN:
SF:src/pages/Dashboard.tsx
FN:5,(anonymous_0)
FN:18,(anonymous_1)
FN:19,(anonymous_2)
FN:56,(anonymous_3)
FNF:4
FNH:4
FNDA:5,(anonymous_0)
FNDA:3,(anonymous_1)
FNDA:3,(anonymous_2)
FNDA:5,(anonymous_3)
DA:5,4
DA:7,5
DA:15,5
DA:16,5
DA:18,5
DA:19,3
DA:20,3
DA:21,3
DA:22,1
DA:24,1
DA:26,2
DA:30,3
DA:33,5
DA:34,2
DA:35,1
DA:37,1
DA:45,1
DA:57,5
LF:18
LH:18
BRDA:33,0,0,3
BRDA:33,0,1,2
BRDA:34,1,0,1
BRDA:34,1,1,1
BRDA:35,2,0,0
BRDA:35,2,1,1
BRF:6
BRH:5
end_of_record
TN:
SF:src/pages/Login.tsx
FN:6,(anonymous_0)
FN:13,(anonymous_1)
FN:33,(anonymous_2)
FN:43,(anonymous_3)
FNF:4
FNH:4
FNDA:4,(anonymous_0)
FNDA:1,(anonymous_1)
FNDA:1,(anonymous_2)
FNDA:1,(anonymous_3)
DA:6,3
DA:7,4
DA:8,4
DA:10,4
DA:11,4
DA:13,4
DA:14,1
DA:15,1
DA:17,1
DA:18,1
DA:22,4
DA:33,1
DA:43,1
LF:13
LH:13
BRDA:17,0,0,1
BRDA:17,0,1,0
BRDA:47,1,0,4
BRDA:47,1,1,0
BRDA:50,2,0,0
BRDA:50,2,1,4
BRF:6
BRH:3
end_of_record
TN:
SF:src/pages/PostDetail.tsx
FN:19,(anonymous_0)
FN:43,(anonymous_1)
FN:44,(anonymous_2)
FN:59,(anonymous_3)
FN:60,(anonymous_4)
FN:83,(anonymous_5)
FN:95,(anonymous_6)
FN:107,(anonymous_7)
FN:118,(anonymous_8)
FN:123,(anonymous_9)
FN:134,(anonymous_10)
FN:139,(anonymous_11)
FN:140,(anonymous_12)
FN:142,(anonymous_13)
FN:158,(anonymous_14)
FN:168,(anonymous_15)
FN:185,(anonymous_16)
FN:236,(anonymous_17)
FN:252,(anonymous_18)
FN:258,(anonymous_19)
FN:279,(anonymous_20)
FN:287,(anonymous_21)
FN:303,(anonymous_22)
FN:314,(anonymous_23)
FN:327,(anonymous_24)
FNF:25
FNH:20
FNDA:31,(anonymous_0)
FNDA:9,(anonymous_1)
FNDA:9,(anonymous_2)
FNDA:9,(anonymous_3)
FNDA:9,(anonymous_4)
FNDA:3,(anonymous_5)
FNDA:1,(anonymous_6)
FNDA:1,(anonymous_7)
FNDA:1,(anonymous_8)
FNDA:1,(anonymous_9)
FNDA:0,(anonymous_10)
FNDA:1,(anonymous_11)
FNDA:0,(anonymous_12)
FNDA:1,(anonymous_13)
FNDA:1,(anonymous_14)
FNDA:1,(anonymous_15)
FNDA:0,(anonymous_16)
FNDA:15,(anonymous_17)
FNDA:1,(anonymous_18)
FNDA:1,(anonymous_19)
FNDA:1,(anonymous_20)
FNDA:1,(anonymous_21)
FNDA:0,(anonymous_22)
FNDA:0,(anonymous_23)
FNDA:1,(anonymous_24)
DA:19,4
DA:20,31
DA:22,31
DA:23,31
DA:25,31
DA:26,31
DA:27,31
DA:28,31
DA:29,31
DA:31,31
DA:32,31
DA:34,31
DA:35,31
DA:38,31
DA:39,31
DA:40,31
DA:43,31
DA:44,9
DA:45,9
DA:46,9
DA:47,7
DA:49,1
DA:51,8
DA:55,9
DA:59,31
DA:60,9
DA:61,9
DA:62,9
DA:64,6
DA:67,6
DA:68,6
DA:71,6
DA:72,0
DA:75,3
DA:79,9
DA:83,31
DA:84,3
DA:85,3
DA:87,3
DA:88,3
DA:90,3
DA:91,0
DA:95,31
DA:96,1
DA:98,1
DA:99,1
DA:100,1
DA:101,1
DA:103,0
DA:107,31
DA:108,1
DA:110,1
DA:111,1
DA:112,1
DA:114,0
DA:118,31
DA:119,1
DA:120,1
DA:123,31
DA:124,1
DA:125,1
DA:126,1
DA:127,1
DA:128,1
DA:130,0
DA:134,31
DA:135,0
DA:136,0
DA:139,31
DA:140,31
DA:142,31
DA:143,1
DA:144,1
DA:146,1
DA:147,1
DA:148,1
DA:149,1
DA:150,1
DA:152,0
DA:154,1
DA:158,31
DA:159,1
DA:160,1
DA:161,1
DA:162,1
DA:164,0
DA:168,31
DA:169,1
DA:170,1
DA:171,1
DA:172,1
DA:174,0
DA:178,31
DA:179,22
DA:181,18
DA:185,0
DA:237,15
DA:252,1
DA:258,1
DA:279,1
DA:287,1
DA:303,0
DA:314,0
DA:327,1
LF:104
LH:91
BRDA:23,0,0,31
BRDA:23,0,1,0
BRDA:71,1,0,0
BRDA:71,1,1,6
BRDA:71,2,0,6
BRDA:71,2,1,0
BRDA:90,3,0,0
BRDA:90,3,1,3
BRDA:90,4,0,3
BRDA:90,4,1,0
BRDA:96,5,0,0
BRDA:96,5,1,1
BRDA:108,6,0,0
BRDA:108,6,1,1
BRDA:178,7,0,9
BRDA:178,7,1,22
BRDA:179,8,0,4
BRDA:179,8,1,18
BRDA:183,9,0,18
BRDA:183,9,1,0
BRDA:191,10,0,31
BRDA:191,10,1,2
BRDA:195,11,0,2
BRDA:195,11,1,16
BRDA:197,12,0,2
BRDA:197,12,1,0
BRDA:198,13,0,2
BRDA:198,13,1,0
BRDA:211,14,0,14
BRDA:211,14,1,2
BRDA:223,15,0,16
BRDA:223,15,1,0
BRDA:231,16,0,3
BRDA:231,16,1,15
BRDA:247,17,0,3
BRDA:247,17,1,12
BRDA:276,18,0,12
BRDA:276,18,1,12
BRDA:299,19,0,15
BRDA:299,19,1,0
BRF:40
BRH:28
end_of_record
TN:
SF:src/pages/PostsList.tsx
FN:11,(anonymous_0)
FN:21,(anonymous_1)
FN:33,(anonymous_2)
FN:42,(anonymous_3)
FN:43,(anonymous_4)
FN:49,(anonymous_5)
FN:56,(anonymous_6)
FN:111,(anonymous_7)
FN:141,(anonymous_8)
FN:158,(anonymous_9)
FN:170,(anonymous_10)
FNF:11
FNH:9
FNDA:3,(anonymous_0)
FNDA:2,(anonymous_1)
FNDA:2,(anonymous_2)
FNDA:1,(anonymous_3)
FNDA:1,(anonymous_4)
FNDA:1,(anonymous_5)
FNDA:2,(anonymous_6)
FNDA:2,(anonymous_7)
FNDA:1,(anonymous_8)
FNDA:0,(anonymous_9)
FNDA:0,(anonymous_10)
DA:11,4
DA:12,3
DA:13,3
DA:14,3
DA:16,3
DA:17,3
DA:18,3
DA:21,3
DA:22,2
DA:25,2
DA:26,2
DA:27,2
DA:30,2
DA:33,2
DA:38,2
DA:42,3
DA:43,1
DA:44,1
DA:46,1
DA:49,3
DA:50,1
DA:51,1
DA:52,1
DA:56,3
DA:57,2
DA:59,2
DA:61,2
DA:67,2
DA:72,2
DA:76,3
DA:112,2
DA:141,1
DA:158,0
DA:170,0
LF:34
LH:32
BRDA:50,0,0,0
BRDA:50,0,1,1
BRDA:57,1,0,0
BRDA:57,1,1,2
BRDA:87,2,0,1
BRDA:87,2,1,2
BRDA:89,3,0,0
BRDA:89,3,1,2
BRDA:117,4,0,2
BRDA:117,4,1,0
BRDA:122,5,0,2
BRDA:122,5,1,0
BRDA:126,6,0,2
BRDA:126,6,1,0
BRDA:128,7,0,2
BRDA:128,7,1,0
BRDA:154,8,0,2
BRDA:154,8,1,0
BRF:18
BRH:10
end_of_record
TN:
SF:src/router/index.tsx
FNF:0
FNH:0
DA:11,3
LF:1
LH:1
BRF:0
BRH:0
end_of_record
TN:
SF:src/store/auth.ts
FN:17,(anonymous_0)
FN:23,(anonymous_1)
FN:49,(anonymous_2)
FN:55,(anonymous_3)
FNF:4
FNH:4
FNDA:3,(anonymous_0)
FNDA:2,(anonymous_1)
FNDA:1,(anonymous_2)
FNDA:2,(anonymous_3)
DA:17,3
DA:24,2
DA:26,2
DA:27,2
DA:29,2
DA:31,2
DA:32,2
DA:34,1
DA:35,1
DA:37,1
DA:40,1
DA:42,1
DA:50,1
DA:51,1
DA:52,1
DA:56,2
DA:57,2
DA:59,2
DA:60,2
DA:61,2
DA:66,2
DA:73,1
LF:22
LH:22
BRDA:40,0,0,1
BRDA:40,0,1,0
BRDA:59,1,0,2
BRDA:59,1,1,0
BRDA:59,2,0,2
BRDA:59,2,1,2
BRF:6
BRH:4
end_of_record
TN:
SF:src/types/auth.ts
FNF:0
FNH:0
LF:0
LH:0
BRF:0
BRH:0
end_of_record
TN:
SF:src/types/comment.ts
FNF:0
FNH:0
LF:0
LH:0
BRF:0
BRH:0
end_of_record
TN:
SF:src/types/pagination.ts
FNF:0
FNH:0
LF:0
LH:0
BRF:0
BRH:0
end_of_record
TN:
SF:src/types/post.ts
FNF:0
FNH:0
LF:0
LH:0
BRF:0
BRH:0
end_of_record
TN:
SF:src/types/user.ts
FNF:0
FNH:0
LF:0
LH:0
BRF:0
BRH:0
end_of_record
